<?xml version="1.0" encoding="UTF-8"?>
<testng-results skipped="0" failed="0" total="1" passed="1">
  <reporter-output>
  </reporter-output>
  <suite name="Default suite" duration-ms="18447" started-at="2018-09-20T06:14:45Z" finished-at="2018-09-20T06:15:03Z">
    <groups>
    </groups>
    <test name="Default test" duration-ms="18447" started-at="2018-09-20T06:14:45Z" finished-at="2018-09-20T06:15:03Z">
      <class name="pruebaPages.PruebaLogin">
        <test-method status="PASS" signature="prueba()[pri:0, instance:pruebaPages.PruebaLogin@51565ec2]" name="prueba" duration-ms="18436" started-at="2018-09-20T01:14:45Z" finished-at="2018-09-20T01:15:03Z">
          <reporter-output>
          </reporter-output>
        </test-method> <!-- prueba -->
      </class> <!-- pruebaPages.PruebaLogin -->
    </test> <!-- Default test -->
  </suite> <!-- Default suite -->
</testng-results>
